c:\users\rafael\desktop\tutorial 30_multiple point lights\engine\debug\vc143.pdb
c:\users\rafael\desktop\tutorial 30_multiple point lights\engine\debug\vc143.idb
c:\users\rafael\desktop\tutorial 30_multiple point lights\engine\debug\cameraclass.obj
c:\users\rafael\desktop\tutorial 30_multiple point lights\engine\debug\d3dclass.obj
c:\users\rafael\desktop\tutorial 30_multiple point lights\engine\debug\inputclass.obj
c:\users\rafael\desktop\tutorial 30_multiple point lights\engine\debug\lightclass.obj
c:\users\rafael\desktop\tutorial 30_multiple point lights\engine\debug\lightshaderclass.obj
c:\users\rafael\desktop\tutorial 30_multiple point lights\engine\debug\main.obj
c:\users\rafael\desktop\tutorial 30_multiple point lights\engine\debug\modelclass.obj
c:\users\rafael\desktop\tutorial 30_multiple point lights\engine\debug\systemclass.obj
c:\users\rafael\desktop\tutorial 30_multiple point lights\engine\debug\textureclass.obj
c:\users\rafael\desktop\tutorial 30_multiple point lights\engine\debug\graphicsclass.obj
c:\users\rafael\desktop\tutorial 30_multiple point lights\debug\engine.exe
c:\users\rafael\desktop\tutorial 30_multiple point lights\engine\debug\engine.ilk
c:\users\rafael\desktop\tutorial 30_multiple point lights\debug\engine.pdb
c:\users\rafael\desktop\tutorial 30_multiple point lights\engine\debug\engine.tlog\cl.command.1.tlog
c:\users\rafael\desktop\tutorial 30_multiple point lights\engine\debug\engine.tlog\cl.read.1.tlog
c:\users\rafael\desktop\tutorial 30_multiple point lights\engine\debug\engine.tlog\cl.write.1.tlog
c:\users\rafael\desktop\tutorial 30_multiple point lights\engine\debug\engine.tlog\link.command.1.tlog
c:\users\rafael\desktop\tutorial 30_multiple point lights\engine\debug\engine.tlog\link.read.1.tlog
c:\users\rafael\desktop\tutorial 30_multiple point lights\engine\debug\engine.tlog\link.write.1.tlog
